<?xml version="1.0" encoding="UTF-8"?>
<!-- Generated by org.testng.reporters.JUnitXMLReporter -->
<testsuite hostname="Lenovo-PC" name="newCustomer" tests="1" failures="1" timestamp="14 Jul 2019 13:23:22 GMT" time="21.56" errors="0">
  <testcase name="Login_TC1" time="3.269" classname="NotPartOfFramework.LoginListenersTests_UsingSuiteFile">
    <failure type="java.lang.AssertionError" message="expected [true] but found [false]">
      <![CDATA[java.lang.AssertionError: expected [true] but found [false]
	at NotPartOfFramework.LoginListenersTests_UsingSuiteFile.Login_TC1(LoginListenersTests_UsingSuiteFile.java:26)
... Removed 35 stack frames]]>
    </failure>
  </testcase> <!-- Login_TC1 -->
</testsuite> <!-- newCustomer -->
